<?xml version="1.0" encoding="UTF-8"?>
<testng-results skipped="0" failed="0" ignored="0" total="1" passed="1">
  <reporter-output>
  </reporter-output>
  <suite name="Default suite" duration-ms="3258" started-at="2022-01-29T15:16:07 CST" finished-at="2022-01-29T15:16:10 CST">
    <groups>
    </groups>
    <test name="Default test" duration-ms="3258" started-at="2022-01-29T15:16:07 CST" finished-at="2022-01-29T15:16:10 CST">
      <class name="TestNG_Test_2.TestNG_Project_Two">
        <test-method status="PASS" signature="init()[pri:0, instance:TestNG_Test_2.TestNG_Project_Two@687080dc]" name="init" duration-ms="3218" started-at="2022-01-29T15:16:07 CST" finished-at="2022-01-29T15:16:10 CST">
          <reporter-output>
          </reporter-output>
        </test-method> <!-- init -->
      </class> <!-- TestNG_Test_2.TestNG_Project_Two -->
    </test> <!-- Default test -->
  </suite> <!-- Default suite -->
</testng-results>
